build/app/intermediates/manifest_merge_blame_file/release/manifest-merger-blame-release-report.txt
1<?xml version="1.0" encoding="utf-8"?>
2<manifest xmlns:android="http://schemas.android.com/apk/res/android"
3    package="com.qweb.app.yesBaby"
4    android:versionCode="1"
5    android:versionName="1.0.0" >
6
7    <uses-sdk
8        android:minSdkVersion="19"
8-->src/main/AndroidManifest.xml
9        android:targetSdkVersion="30" />
9-->src/main/AndroidManifest.xml
10
11    <uses-permission android:name="android.permission.INTERNET" />
11-->src/main/AndroidManifest.xml:3:5-66
11-->src/main/AndroidManifest.xml:3:22-64
12    <uses-permission android:name="android.permission.WAKE_LOCK" />
12-->[:firebase_messaging] AndroidManifest.xml:8:5-68
12-->[:firebase_messaging] AndroidManifest.xml:8:22-65
13    <uses-permission android:name="android.permission.ACCESS_NETWORK_STATE" /> <!-- Required by older versions of Google Play services to create IID tokens -->
13-->[:firebase_messaging] AndroidManifest.xml:9:5-79
13-->[:firebase_messaging] AndroidManifest.xml:9:22-76
14    <uses-permission android:name="com.google.android.c2dm.permission.RECEIVE" />
14-->[com.google.firebase:firebase-messaging:23.0.0] AndroidManifest.xml:25:5-82
14-->[com.google.firebase:firebase-messaging:23.0.0] AndroidManifest.xml:25:22-79
15
16    <application
16-->src/main/AndroidManifest.xml:5:4-42:19
17        android:name="androidx.multidex.MultiDexApplication"
18        android:appComponentFactory="androidx.core.app.CoreComponentFactory"
18-->[androidx.core:core:1.6.0] AndroidManifest.xml:24:18-86
19        android:icon="@mipmap/ic_launcher"
19-->src/main/AndroidManifest.xml:7:9-43
20        android:label="Yes Baby" >
20-->src/main/AndroidManifest.xml:6:9-33
21        <activity
21-->src/main/AndroidManifest.xml:8:9-36:20
22            android:name="com.qweb.app.yesBaby.MainActivity"
22-->src/main/AndroidManifest.xml:9:13-41
23            android:configChanges="orientation|keyboardHidden|keyboard|screenSize|smallestScreenSize|locale|layoutDirection|fontScale|screenLayout|density|uiMode"
23-->src/main/AndroidManifest.xml:12:13-163
24            android:hardwareAccelerated="true"
24-->src/main/AndroidManifest.xml:13:13-47
25            android:launchMode="singleTop"
25-->src/main/AndroidManifest.xml:10:13-43
26            android:theme="@style/LaunchTheme"
26-->src/main/AndroidManifest.xml:11:13-47
27            android:windowSoftInputMode="adjustResize" >
27-->src/main/AndroidManifest.xml:14:13-55
28
29            <!--
30                 Specifies an Android theme to apply to this Activity as soon as
31                 the Android process has started. This theme is visible to the user
32                 while the Flutter UI initializes. After that, this theme continues
33                 to determine the Window background behind the Flutter UI.
34            -->
35            <meta-data
35-->src/main/AndroidManifest.xml:19:13-22:17
36                android:name="io.flutter.embedding.android.NormalTheme"
36-->src/main/AndroidManifest.xml:20:15-70
37                android:resource="@style/NormalTheme" />
37-->src/main/AndroidManifest.xml:21:15-52
38            <!--
39                 Displays an Android View that continues showing the launch screen
40                 Drawable until Flutter paints its first frame, then this splash
41                 screen fades out. A splash screen is useful to avoid any visual
42                 gap between the end of Android's launch screen and the painting of
43                 Flutter's first frame.
44            -->
45            <!--
46              <meta-data
47              android:name="io.flutter.embedding.android.SplashScreenDrawable"
48              android:resource="@drawable/launch_background"
49              />
50            -->
51            <intent-filter>
51-->src/main/AndroidManifest.xml:32:13-35:29
52                <action android:name="android.intent.action.MAIN" />
52-->src/main/AndroidManifest.xml:33:17-68
52-->src/main/AndroidManifest.xml:33:25-66
53
54                <category android:name="android.intent.category.LAUNCHER" />
54-->src/main/AndroidManifest.xml:34:17-76
54-->src/main/AndroidManifest.xml:34:27-74
55            </intent-filter>
56        </activity>
57        <!--
58             Don't delete the meta-data below.
59             This is used by the Flutter tool to generate GeneratedPluginRegistrant.java
60        -->
61        <meta-data
61-->src/main/AndroidManifest.xml:39:9-41:33
62            android:name="flutterEmbedding"
62-->src/main/AndroidManifest.xml:40:13-44
63            android:value="2" />
63-->src/main/AndroidManifest.xml:41:13-30
64
65        <service
65-->[:firebase_auth] AndroidManifest.xml:8:9-12:19
66            android:name="com.google.firebase.components.ComponentDiscoveryService"
66-->[:firebase_auth] AndroidManifest.xml:8:18-89
67            android:directBootAware="true"
67-->[com.google.firebase:firebase-common:20.0.0] AndroidManifest.xml:35:13-43
68            android:exported="false" >
68-->[com.google.firebase:firebase-auth:21.0.1] AndroidManifest.xml:76:13-37
69            <meta-data
69-->[:firebase_auth] AndroidManifest.xml:9:13-11:85
70                android:name="com.google.firebase.components:io.flutter.plugins.firebase.auth.FlutterFirebaseAuthRegistrar"
70-->[:firebase_auth] AndroidManifest.xml:10:17-124
71                android:value="com.google.firebase.components.ComponentRegistrar" />
71-->[:firebase_auth] AndroidManifest.xml:11:17-82
72            <meta-data
72-->[:firebase_messaging] AndroidManifest.xml:34:13-36:85
73                android:name="com.google.firebase.components:io.flutter.plugins.firebase.messaging.FlutterFirebaseAppRegistrar"
73-->[:firebase_messaging] AndroidManifest.xml:35:17-128
74                android:value="com.google.firebase.components.ComponentRegistrar" />
74-->[:firebase_messaging] AndroidManifest.xml:36:17-82
75            <meta-data
75-->[:firebase_core] AndroidManifest.xml:9:13-11:85
76                android:name="com.google.firebase.components:io.flutter.plugins.firebase.core.FlutterFirebaseCoreRegistrar"
76-->[:firebase_core] AndroidManifest.xml:10:17-124
77                android:value="com.google.firebase.components.ComponentRegistrar" />
77-->[:firebase_core] AndroidManifest.xml:11:17-82
78            <meta-data
78-->[com.google.firebase:firebase-auth:21.0.1] AndroidManifest.xml:77:13-79:85
79                android:name="com.google.firebase.components:com.google.firebase.auth.FirebaseAuthRegistrar"
79-->[com.google.firebase:firebase-auth:21.0.1] AndroidManifest.xml:78:17-109
80                android:value="com.google.firebase.components.ComponentRegistrar" />
80-->[com.google.firebase:firebase-auth:21.0.1] AndroidManifest.xml:79:17-82
81            <meta-data
81-->[com.google.firebase:firebase-messaging:23.0.0] AndroidManifest.xml:52:13-54:85
82                android:name="com.google.firebase.components:com.google.firebase.messaging.FirebaseMessagingRegistrar"
82-->[com.google.firebase:firebase-messaging:23.0.0] AndroidManifest.xml:53:17-119
83                android:value="com.google.firebase.components.ComponentRegistrar" />
83-->[com.google.firebase:firebase-messaging:23.0.0] AndroidManifest.xml:54:17-82
84            <meta-data
84-->[com.google.firebase:firebase-datatransport:18.0.0] AndroidManifest.xml:28:13-30:85
85                android:name="com.google.firebase.components:com.google.firebase.datatransport.TransportRegistrar"
85-->[com.google.firebase:firebase-datatransport:18.0.0] AndroidManifest.xml:29:17-115
86                android:value="com.google.firebase.components.ComponentRegistrar" />
86-->[com.google.firebase:firebase-datatransport:18.0.0] AndroidManifest.xml:30:17-82
87            <meta-data
87-->[com.google.firebase:firebase-installations:17.0.0] AndroidManifest.xml:18:13-20:85
88                android:name="com.google.firebase.components:com.google.firebase.installations.FirebaseInstallationsRegistrar"
88-->[com.google.firebase:firebase-installations:17.0.0] AndroidManifest.xml:19:17-127
89                android:value="com.google.firebase.components.ComponentRegistrar" />
89-->[com.google.firebase:firebase-installations:17.0.0] AndroidManifest.xml:20:17-82
90        </service>
91        <service
91-->[:firebase_messaging] AndroidManifest.xml:12:9-15:72
92            android:name="io.flutter.plugins.firebase.messaging.FlutterFirebaseMessagingBackgroundService"
92-->[:firebase_messaging] AndroidManifest.xml:13:13-107
93            android:exported="false"
93-->[:firebase_messaging] AndroidManifest.xml:14:13-37
94            android:permission="android.permission.BIND_JOB_SERVICE" />
94-->[:firebase_messaging] AndroidManifest.xml:15:13-69
95        <service
95-->[:firebase_messaging] AndroidManifest.xml:16:9-22:19
96            android:name="io.flutter.plugins.firebase.messaging.FlutterFirebaseMessagingService"
96-->[:firebase_messaging] AndroidManifest.xml:17:13-97
97            android:exported="false" >
97-->[:firebase_messaging] AndroidManifest.xml:18:13-37
98            <intent-filter>
98-->[:firebase_messaging] AndroidManifest.xml:19:13-21:29
99                <action android:name="com.google.firebase.MESSAGING_EVENT" />
99-->[:firebase_messaging] AndroidManifest.xml:20:17-78
99-->[:firebase_messaging] AndroidManifest.xml:20:25-75
100            </intent-filter>
101        </service>
102
103        <receiver
103-->[:firebase_messaging] AndroidManifest.xml:24:9-31:20
104            android:name="io.flutter.plugins.firebase.messaging.FlutterFirebaseMessagingReceiver"
104-->[:firebase_messaging] AndroidManifest.xml:25:13-98
105            android:exported="true"
105-->[:firebase_messaging] AndroidManifest.xml:26:13-36
106            android:permission="com.google.android.c2dm.permission.SEND" >
106-->[:firebase_messaging] AndroidManifest.xml:27:13-73
107            <intent-filter>
107-->[:firebase_messaging] AndroidManifest.xml:28:13-30:29
108                <action android:name="com.google.android.c2dm.intent.RECEIVE" />
108-->[:firebase_messaging] AndroidManifest.xml:29:17-81
108-->[:firebase_messaging] AndroidManifest.xml:29:25-78
109            </intent-filter>
110        </receiver>
111
112        <provider
112-->[:firebase_messaging] AndroidManifest.xml:39:9-43:38
113            android:name="io.flutter.plugins.firebase.messaging.FlutterFirebaseMessagingInitProvider"
113-->[:firebase_messaging] AndroidManifest.xml:40:13-102
114            android:authorities="com.qweb.app.yesBaby.flutterfirebasemessaginginitprovider"
114-->[:firebase_messaging] AndroidManifest.xml:41:13-88
115            android:exported="false"
115-->[:firebase_messaging] AndroidManifest.xml:42:13-37
116            android:initOrder="99" />
116-->[:firebase_messaging] AndroidManifest.xml:43:13-35
117        <provider
117-->[:image_picker] AndroidManifest.xml:8:9-16:20
118            android:name="io.flutter.plugins.imagepicker.ImagePickerFileProvider"
118-->[:image_picker] AndroidManifest.xml:9:13-82
119            android:authorities="com.qweb.app.yesBaby.flutter.image_provider"
119-->[:image_picker] AndroidManifest.xml:10:13-74
120            android:exported="false"
120-->[:image_picker] AndroidManifest.xml:11:13-37
121            android:grantUriPermissions="true" >
121-->[:image_picker] AndroidManifest.xml:12:13-47
122            <meta-data
122-->[:image_picker] AndroidManifest.xml:13:13-15:75
123                android:name="android.support.FILE_PROVIDER_PATHS"
123-->[:image_picker] AndroidManifest.xml:14:17-67
124                android:resource="@xml/flutter_image_picker_file_paths" />
124-->[:image_picker] AndroidManifest.xml:15:17-72
125        </provider>
126
127        <activity
127-->[:url_launcher_android] AndroidManifest.xml:8:9-11:74
128            android:name="io.flutter.plugins.urllauncher.WebViewActivity"
128-->[:url_launcher_android] AndroidManifest.xml:9:13-74
129            android:exported="false"
129-->[:url_launcher_android] AndroidManifest.xml:10:13-37
130            android:theme="@android:style/Theme.NoTitleBar.Fullscreen" />
130-->[:url_launcher_android] AndroidManifest.xml:11:13-71
131        <activity
131-->[com.google.firebase:firebase-auth:21.0.1] AndroidManifest.xml:27:9-44:20
132            android:name="com.google.firebase.auth.internal.GenericIdpActivity"
132-->[com.google.firebase:firebase-auth:21.0.1] AndroidManifest.xml:28:13-80
133            android:excludeFromRecents="true"
133-->[com.google.firebase:firebase-auth:21.0.1] AndroidManifest.xml:29:13-46
134            android:exported="true"
134-->[com.google.firebase:firebase-auth:21.0.1] AndroidManifest.xml:30:13-36
135            android:launchMode="singleTask"
135-->[com.google.firebase:firebase-auth:21.0.1] AndroidManifest.xml:31:13-44
136            android:theme="@android:style/Theme.Translucent.NoTitleBar" >
136-->[com.google.firebase:firebase-auth:21.0.1] AndroidManifest.xml:32:13-72
137            <intent-filter>
137-->[com.google.firebase:firebase-auth:21.0.1] AndroidManifest.xml:33:13-43:29
138                <action android:name="android.intent.action.VIEW" />
138-->[com.google.firebase:firebase-auth:21.0.1] AndroidManifest.xml:34:17-69
138-->[com.google.firebase:firebase-auth:21.0.1] AndroidManifest.xml:34:25-66
139
140                <category android:name="android.intent.category.DEFAULT" />
140-->[com.google.firebase:firebase-auth:21.0.1] AndroidManifest.xml:36:17-76
140-->[com.google.firebase:firebase-auth:21.0.1] AndroidManifest.xml:36:27-73
141                <category android:name="android.intent.category.BROWSABLE" />
141-->[com.google.firebase:firebase-auth:21.0.1] AndroidManifest.xml:37:17-78
141-->[com.google.firebase:firebase-auth:21.0.1] AndroidManifest.xml:37:27-75
142
143                <data
143-->[com.google.firebase:firebase-auth:21.0.1] AndroidManifest.xml:39:17-42:51
144                    android:host="firebase.auth"
144-->[com.google.firebase:firebase-auth:21.0.1] AndroidManifest.xml:40:21-49
145                    android:path="/"
145-->[com.google.firebase:firebase-auth:21.0.1] AndroidManifest.xml:41:21-37
146                    android:scheme="genericidp" />
146-->[com.google.firebase:firebase-auth:21.0.1] AndroidManifest.xml:42:21-48
147            </intent-filter>
148        </activity>
149        <activity
149-->[com.google.firebase:firebase-auth:21.0.1] AndroidManifest.xml:45:9-62:20
150            android:name="com.google.firebase.auth.internal.RecaptchaActivity"
150-->[com.google.firebase:firebase-auth:21.0.1] AndroidManifest.xml:46:13-79
151            android:excludeFromRecents="true"
151-->[com.google.firebase:firebase-auth:21.0.1] AndroidManifest.xml:47:13-46
152            android:exported="true"
152-->[com.google.firebase:firebase-auth:21.0.1] AndroidManifest.xml:48:13-36
153            android:launchMode="singleTask"
153-->[com.google.firebase:firebase-auth:21.0.1] AndroidManifest.xml:49:13-44
154            android:theme="@android:style/Theme.Translucent.NoTitleBar" >
154-->[com.google.firebase:firebase-auth:21.0.1] AndroidManifest.xml:50:13-72
155            <intent-filter>
155-->[com.google.firebase:firebase-auth:21.0.1] AndroidManifest.xml:51:13-61:29
156                <action android:name="android.intent.action.VIEW" />
156-->[com.google.firebase:firebase-auth:21.0.1] AndroidManifest.xml:34:17-69
156-->[com.google.firebase:firebase-auth:21.0.1] AndroidManifest.xml:34:25-66
157
158                <category android:name="android.intent.category.DEFAULT" />
158-->[com.google.firebase:firebase-auth:21.0.1] AndroidManifest.xml:36:17-76
158-->[com.google.firebase:firebase-auth:21.0.1] AndroidManifest.xml:36:27-73
159                <category android:name="android.intent.category.BROWSABLE" />
159-->[com.google.firebase:firebase-auth:21.0.1] AndroidManifest.xml:37:17-78
159-->[com.google.firebase:firebase-auth:21.0.1] AndroidManifest.xml:37:27-75
160
161                <data
161-->[com.google.firebase:firebase-auth:21.0.1] AndroidManifest.xml:39:17-42:51
162                    android:host="firebase.auth"
162-->[com.google.firebase:firebase-auth:21.0.1] AndroidManifest.xml:40:21-49
163                    android:path="/"
163-->[com.google.firebase:firebase-auth:21.0.1] AndroidManifest.xml:41:21-37
164                    android:scheme="recaptcha" />
164-->[com.google.firebase:firebase-auth:21.0.1] AndroidManifest.xml:42:21-48
165            </intent-filter>
166        </activity>
167
168        <service
168-->[com.google.firebase:firebase-auth:21.0.1] AndroidManifest.xml:64:9-73:19
169            android:name="com.google.firebase.auth.api.fallback.service.FirebaseAuthFallbackService"
169-->[com.google.firebase:firebase-auth:21.0.1] AndroidManifest.xml:65:13-101
170            android:enabled="true"
170-->[com.google.firebase:firebase-auth:21.0.1] AndroidManifest.xml:66:13-35
171            android:exported="false" >
171-->[com.google.firebase:firebase-auth:21.0.1] AndroidManifest.xml:67:13-37
172            <intent-filter>
172-->[com.google.firebase:firebase-auth:21.0.1] AndroidManifest.xml:68:13-72:29
173                <action android:name="com.google.firebase.auth.api.gms.service.START" />
173-->[com.google.firebase:firebase-auth:21.0.1] AndroidManifest.xml:69:17-89
173-->[com.google.firebase:firebase-auth:21.0.1] AndroidManifest.xml:69:25-86
174
175                <category android:name="android.intent.category.DEFAULT" />
175-->[com.google.firebase:firebase-auth:21.0.1] AndroidManifest.xml:36:17-76
175-->[com.google.firebase:firebase-auth:21.0.1] AndroidManifest.xml:36:27-73
176            </intent-filter>
177        </service>
178
179        <receiver
179-->[com.google.firebase:firebase-messaging:23.0.0] AndroidManifest.xml:28:9-35:20
180            android:name="com.google.firebase.iid.FirebaseInstanceIdReceiver"
180-->[com.google.firebase:firebase-messaging:23.0.0] AndroidManifest.xml:29:13-78
181            android:exported="true"
181-->[com.google.firebase:firebase-messaging:23.0.0] AndroidManifest.xml:30:13-36
182            android:permission="com.google.android.c2dm.permission.SEND" >
182-->[com.google.firebase:firebase-messaging:23.0.0] AndroidManifest.xml:31:13-73
183            <intent-filter>
183-->[:firebase_messaging] AndroidManifest.xml:28:13-30:29
184                <action android:name="com.google.android.c2dm.intent.RECEIVE" />
184-->[:firebase_messaging] AndroidManifest.xml:29:17-81
184-->[:firebase_messaging] AndroidManifest.xml:29:25-78
185            </intent-filter>
186        </receiver>
187        <!--
188             FirebaseMessagingService performs security checks at runtime,
189             but set to not exported to explicitly avoid allowing another app to call it.
190        -->
191        <service
191-->[com.google.firebase:firebase-messaging:23.0.0] AndroidManifest.xml:41:9-48:19
192            android:name="com.google.firebase.messaging.FirebaseMessagingService"
192-->[com.google.firebase:firebase-messaging:23.0.0] AndroidManifest.xml:42:13-82
193            android:directBootAware="true"
193-->[com.google.firebase:firebase-messaging:23.0.0] AndroidManifest.xml:43:13-43
194            android:exported="false" >
194-->[com.google.firebase:firebase-messaging:23.0.0] AndroidManifest.xml:44:13-37
195            <intent-filter android:priority="-500" >
195-->[:firebase_messaging] AndroidManifest.xml:19:13-21:29
196                <action android:name="com.google.firebase.MESSAGING_EVENT" />
196-->[:firebase_messaging] AndroidManifest.xml:20:17-78
196-->[:firebase_messaging] AndroidManifest.xml:20:25-75
197            </intent-filter>
198        </service>
199
200        <provider
200-->[com.google.firebase:firebase-common:20.0.0] AndroidManifest.xml:26:9-31:39
201            android:name="com.google.firebase.provider.FirebaseInitProvider"
201-->[com.google.firebase:firebase-common:20.0.0] AndroidManifest.xml:27:13-77
202            android:authorities="com.qweb.app.yesBaby.firebaseinitprovider"
202-->[com.google.firebase:firebase-common:20.0.0] AndroidManifest.xml:28:13-72
203            android:directBootAware="true"
203-->[com.google.firebase:firebase-common:20.0.0] AndroidManifest.xml:29:13-43
204            android:exported="false"
204-->[com.google.firebase:firebase-common:20.0.0] AndroidManifest.xml:30:13-37
205            android:initOrder="100" />
205-->[com.google.firebase:firebase-common:20.0.0] AndroidManifest.xml:31:13-36
206
207        <activity
207-->[com.google.android.gms:play-services-base:17.1.0] AndroidManifest.xml:23:9-26:75
208            android:name="com.google.android.gms.common.api.GoogleApiActivity"
208-->[com.google.android.gms:play-services-base:17.1.0] AndroidManifest.xml:24:13-79
209            android:exported="false"
209-->[com.google.android.gms:play-services-base:17.1.0] AndroidManifest.xml:25:13-37
210            android:theme="@android:style/Theme.Translucent.NoTitleBar" />
210-->[com.google.android.gms:play-services-base:17.1.0] AndroidManifest.xml:26:13-72
211
212        <meta-data
212-->[com.google.android.gms:play-services-basement:17.1.0] AndroidManifest.xml:23:9-25:69
213            android:name="com.google.android.gms.version"
213-->[com.google.android.gms:play-services-basement:17.1.0] AndroidManifest.xml:24:13-58
214            android:value="@integer/google_play_services_version" />
214-->[com.google.android.gms:play-services-basement:17.1.0] AndroidManifest.xml:25:13-66
215
216        <service
216-->[com.google.android.datatransport:transport-backend-cct:3.0.0] AndroidManifest.xml:29:9-35:19
217            android:name="com.google.android.datatransport.runtime.backends.TransportBackendDiscovery"
217-->[com.google.android.datatransport:transport-backend-cct:3.0.0] AndroidManifest.xml:30:13-103
218            android:exported="false" >
218-->[com.google.android.datatransport:transport-backend-cct:3.0.0] AndroidManifest.xml:31:13-37
219            <meta-data
219-->[com.google.android.datatransport:transport-backend-cct:3.0.0] AndroidManifest.xml:32:13-34:39
220                android:name="backend:com.google.android.datatransport.cct.CctBackendFactory"
220-->[com.google.android.datatransport:transport-backend-cct:3.0.0] AndroidManifest.xml:33:17-94
221                android:value="cct" />
221-->[com.google.android.datatransport:transport-backend-cct:3.0.0] AndroidManifest.xml:34:17-36
222        </service>
223        <service
223-->[com.google.android.datatransport:transport-runtime:3.0.0] AndroidManifest.xml:26:9-30:19
224            android:name="com.google.android.datatransport.runtime.scheduling.jobscheduling.JobInfoSchedulerService"
224-->[com.google.android.datatransport:transport-runtime:3.0.0] AndroidManifest.xml:27:13-117
225            android:exported="false"
225-->[com.google.android.datatransport:transport-runtime:3.0.0] AndroidManifest.xml:28:13-37
226            android:permission="android.permission.BIND_JOB_SERVICE" >
226-->[com.google.android.datatransport:transport-runtime:3.0.0] AndroidManifest.xml:29:13-69
227        </service>
228
229        <receiver
229-->[com.google.android.datatransport:transport-runtime:3.0.0] AndroidManifest.xml:32:9-34:40
230            android:name="com.google.android.datatransport.runtime.scheduling.jobscheduling.AlarmManagerSchedulerBroadcastReceiver"
230-->[com.google.android.datatransport:transport-runtime:3.0.0] AndroidManifest.xml:33:13-132
231            android:exported="false" />
231-->[com.google.android.datatransport:transport-runtime:3.0.0] AndroidManifest.xml:34:13-37
232    </application>
233
234</manifest>